<?xml version="1.0" encoding="UTF-8"?>
<!-- Generated by org.testng.reporters.JUnitReportReporter -->
<testsuite skipped="0" hostname="Maheshs-MacBook-Pro.local" name="com.mphrx.qa.testcases.LoginPageTest" tests="3" failures="0" timestamp="10 Jan 2019 07:21:34 GMT" time="55.430" errors="0">
  <testcase name="loginPageTitileTest" time="18.053" classname="com.mphrx.qa.testcases.LoginPageTest"/>
  <testcase name="logoImageTest" time="19.361" classname="com.mphrx.qa.testcases.LoginPageTest"/>
  <testcase name="loginTest" time="18.016" classname="com.mphrx.qa.testcases.LoginPageTest"/>
</testsuite> <!-- com.mphrx.qa.testcases.LoginPageTest -->
