<?xml version="1.0" encoding="UTF-8"?>
<!-- Generated by org.testng.reporters.JUnitReportReporter -->
<testsuite skipped="0" hostname="Maheshs-MacBook-Pro.local" name="com.mphrx.qa.testcases.LoginPageTest" tests="3" failures="0" timestamp="10 Jan 2019 06:15:26 GMT" time="65.785" errors="0">
  <testcase name="loginPageTitileTest" time="29.721" classname="com.mphrx.qa.testcases.LoginPageTest"/>
  <testcase name="logoImageTest" time="19.986" classname="com.mphrx.qa.testcases.LoginPageTest"/>
  <testcase name="loginTest" time="16.078" classname="com.mphrx.qa.testcases.LoginPageTest"/>
</testsuite> <!-- com.mphrx.qa.testcases.LoginPageTest -->
